[debug] [2021-02-25T19:00:26.724Z] ----------------------------------------------------------------------
[debug] [2021-02-25T19:00:26.727Z] Command:       C:\Program Files\nodejs\node.exe C:\Users\LeNoVo\AppData\Roaming\npm\node_modules\firebase-tools\lib\bin\firebase.js init
[debug] [2021-02-25T19:00:26.728Z] CLI Version:   9.5.0
[debug] [2021-02-25T19:00:26.728Z] Platform:      win32
[debug] [2021-02-25T19:00:26.728Z] Node Version:  v12.18.3
[debug] [2021-02-25T19:00:26.729Z] Time:          Fri Feb 26 2021 00:30:26 GMT+0530 (India Standard Time)
[debug] [2021-02-25T19:00:26.729Z] ----------------------------------------------------------------------
[debug] [2021-02-25T19:00:26.730Z] 
[debug] [2021-02-25T19:00:26.742Z] > command requires scopes: ["email","openid","https://www.googleapis.com/auth/cloudplatformprojects.readonly","https://www.googleapis.com/auth/firebase","https://www.googleapis.com/auth/cloud-platform"]
[debug] [2021-02-25T19:00:26.743Z] > authorizing via signed-in user
[info] 
     ######## #### ########  ######## ########     ###     ######  ########
     ##        ##  ##     ## ##       ##     ##  ##   ##  ##       ##
     ######    ##  ########  ######   ########  #########  ######  ######
     ##        ##  ##    ##  ##       ##     ## ##     ##       ## ##
     ##       #### ##     ## ######## ########  ##     ##  ######  ########

You're about to initialize a Firebase project in this directory:

  C:\Users\LeNoVo\SamW\netflix-clone

[info] 
=== Project Setup
[info] 
[info] First, let's associate this project directory with a Firebase project.
[info] You can create multiple project aliases by running firebase use --add, 
[info] but for now we'll just set up a default project.
[info] 
[debug] [2021-02-25T19:00:51.760Z] > refreshing access token with scopes: []
[debug] [2021-02-25T19:00:51.761Z] >>> HTTP REQUEST POST https://www.googleapis.com/oauth2/v3/token  
 <request body omitted>
[debug] [2021-02-25T19:00:52.289Z] <<< HTTP RESPONSE 200 {"expires":"Mon, 01 Jan 1990 00:00:00 GMT","date":"Thu, 25 Feb 2021 19:00:55 GMT","cache-control":"no-cache, no-store, max-age=0, must-revalidate","pragma":"no-cache","content-type":"application/json; charset=utf-8","vary":"X-Origin, Referer, Origin,Accept-Encoding","server":"scaffolding on HTTPServer2","x-xss-protection":"0","x-frame-options":"SAMEORIGIN","x-content-type-options":"nosniff","alt-svc":"h3-29=\":443\"; ma=2592000,h3-T051=\":443\"; ma=2592000,h3-Q050=\":443\"; ma=2592000,h3-Q046=\":443\"; ma=2592000,h3-Q043=\":443\"; ma=2592000,quic=\":443\"; ma=2592000; v=\"46,43\"","accept-ranges":"none","transfer-encoding":"chunked"}
[debug] [2021-02-25T19:00:52.333Z] >>> [apiv2][query] GET https://firebase.googleapis.com/v1beta1/projects pageSize=100
[debug] [2021-02-25T19:00:53.209Z] <<< [apiv2][status] GET https://firebase.googleapis.com/v1beta1/projects 200
[debug] [2021-02-25T19:00:53.210Z] <<< [apiv2][body] GET https://firebase.googleapis.com/v1beta1/projects [omitted]
[info] i  Using project netflix-64b35 (netflix-youtube) 
[info] 
=== Hosting Setup
[info] 
[info] Your public directory is the folder (relative to your project directory) that
[info] will contain Hosting assets to be uploaded with firebase deploy. If you
[info] have a build process for your assets, use your build's output directory.
[info] 
[debug] [2021-02-25T19:01:42.562Z] >>> [apiv2][query] GET https://www.gstatic.com/firebasejs/releases.json [none]
[debug] [2021-02-25T19:01:42.839Z] <<< [apiv2][status] GET https://www.gstatic.com/firebasejs/releases.json 200
[debug] [2021-02-25T19:01:42.840Z] <<< [apiv2][body] GET https://www.gstatic.com/firebasejs/releases.json {"current":{"version":"8.2.9","browserURL":"https://www.gstatic.com/firebasejs/8.2.9/firebase.js","packageURL":"https://www.gstatic.com/firebasejs/8.2.9/firebase.tgz"},"live":{"version":"8.2","browserURL":"https://www.gstatic.com/firebasejs/live/8.2/firebase.js","packageURL":"https://www.gstatic.com/firebasejs/live/8.2/firebase.tgz"},"components":{"analytics":"https://www.gstatic.com/firebasejs/8.2.9/firebase-analytics.js","app":"https://www.gstatic.com/firebasejs/8.2.9/firebase-app.js","auth":"https://www.gstatic.com/firebasejs/8.2.9/firebase-auth.js","database":"https://www.gstatic.com/firebasejs/8.2.9/firebase-database.js","firestore":"https://www.gstatic.com/firebasejs/8.2.9/firebase-firestore.js","functions":"https://www.gstatic.com/firebasejs/8.2.9/firebase-functions.js","installations":"https://www.gstatic.com/firebasejs/8.2.9/firebase-installations.js","messaging":"https://www.gstatic.com/firebasejs/8.2.9/firebase-messaging.js","storage":"https://www.gstatic.com/firebasejs/8.2.9/firebase-storage.js","performance":"https://www.gstatic.com/firebasejs/8.2.9/firebase-performance.js","remote-config":"https://www.gstatic.com/firebasejs/8.2.9/firebase-remote-config.js","firestore.memory":"https://www.gstatic.com/firebasejs/8.2.9/firebase-firestore.memory.js"}}
[info] i  Skipping write of public/index.html 
[info] 
[info] i  Detected a .git folder at C:\Users\LeNoVo\SamW\netflix-clone 
[info] i  Authorizing with GitHub to upload your service account to a GitHub repository's secrets store. 
[info] 
[info] Visit this URL on this device to log in:
[info] https://github.com/login/oauth/authorize?client_id=89cf50f02ac6aaed3484&state=379422299&redirect_uri=http%3A%2F%2Flocalhost%3A9005&scope=read%3Auser%20repo%20public_repo
[info] 
[info] Waiting for authentication...
[debug] [2021-02-25T19:03:18.590Z] >>> HTTP REQUEST POST https://github.com/login/oauth/access_token  
 {"client_id":"89cf50f02ac6aaed3484","client_secret":"3330d14abc895d9a74d5f17cd7a00711fa2c5bf0","code":"1ad07f17ed2ca3cf22fc","redirect_uri":"http://localhost:9005","state":"379422299"}
[debug] [2021-02-25T19:03:19.258Z] <<< HTTP RESPONSE 200 {"server":"GitHub.com","date":"Thu, 25 Feb 2021 19:03:22 GMT","content-type":"application/json; charset=utf-8","vary":"X-PJAX, Accept-Encoding, Accept, X-Requested-With","etag":"W/\"bde217b5cb2ae8b5d01ae574166f3fcb\"","cache-control":"max-age=0, private, must-revalidate","strict-transport-security":"max-age=31536000; includeSubdomains; preload","x-frame-options":"deny","x-content-type-options":"nosniff","x-xss-protection":"1; mode=block","referrer-policy":"origin-when-cross-origin, strict-origin-when-cross-origin","expect-ct":"max-age=2592000, report-uri=\"https://api.github.com/_private/browser/errors\"","content-security-policy":"default-src 'none'; base-uri 'self'; block-all-mixed-content; connect-src 'self' uploads.github.com www.githubstatus.com collector.githubapp.com api.github.com github-cloud.s3.amazonaws.com github-production-repository-file-5c1aeb.s3.amazonaws.com github-production-upload-manifest-file-7fdce7.s3.amazonaws.com github-production-user-asset-6210df.s3.amazonaws.com cdn.optimizely.com logx.optimizely.com/v1/events wss://alive.github.com; font-src github.githubassets.com; form-action 'self' github.com gist.github.com; frame-ancestors 'none'; frame-src render.githubusercontent.com; img-src 'self' data: github.githubassets.com identicons.github.com collector.githubapp.com github-cloud.s3.amazonaws.com user-images.githubusercontent.com/ *.githubusercontent.com; manifest-src 'self'; media-src 'none'; script-src github.githubassets.com; style-src 'unsafe-inline' github.githubassets.com; worker-src github.com/socket-worker-5029ae85.js gist.github.com/socket-worker-5029ae85.js","x-github-request-id":"4BD5:1A5F:72C631:7C2854:6037F479","transfer-encoding":"chunked"}
[debug] [2021-02-25T19:03:19.379Z] >>> [apiv2][query] GET https://api.github.com/user [none]
[debug] [2021-02-25T19:03:20.067Z] <<< [apiv2][status] GET https://api.github.com/user 200
[debug] [2021-02-25T19:03:20.067Z] <<< [apiv2][body] GET https://api.github.com/user {"login":"sushilckatoch","id":64862784,"node_id":"MDQ6VXNlcjY0ODYyNzg0","avatar_url":"https://avatars.githubusercontent.com/u/64862784?v=4","gravatar_id":"","url":"https://api.github.com/users/sushilckatoch","html_url":"https://github.com/sushilckatoch","followers_url":"https://api.github.com/users/sushilckatoch/followers","following_url":"https://api.github.com/users/sushilckatoch/following{/other_user}","gists_url":"https://api.github.com/users/sushilckatoch/gists{/gist_id}","starred_url":"https://api.github.com/users/sushilckatoch/starred{/owner}{/repo}","subscriptions_url":"https://api.github.com/users/sushilckatoch/subscriptions","organizations_url":"https://api.github.com/users/sushilckatoch/orgs","repos_url":"https://api.github.com/users/sushilckatoch/repos","events_url":"https://api.github.com/users/sushilckatoch/events{/privacy}","received_events_url":"https://api.github.com/users/sushilckatoch/received_events","type":"User","site_admin":false,"name":null,"company":null,"blog":"","location":null,"email":null,"hireable":null,"bio":null,"twitter_username":null,"public_repos":3,"public_gists":0,"followers":0,"following":1,"created_at":"2020-05-05T18:09:17Z","updated_at":"2021-02-25T18:35:03Z","private_gists":0,"total_private_repos":1,"owned_private_repos":1,"disk_usage":18935,"collaborators":0,"two_factor_authentication":false,"plan":{"name":"free","space":976562499,"collaborators":0,"private_repos":10000}}
[info] 
[info] +  Success! Logged into GitHub as sushilckatoch 
[info] 
[debug] [2021-02-25T19:03:51.397Z] >>> [apiv2][query] GET https://api.github.com/repos/sam/netflix/actions/secrets/public-key type=owner
[debug] [2021-02-25T19:03:51.827Z] <<< [apiv2][status] GET https://api.github.com/repos/sam/netflix/actions/secrets/public-key 404
[debug] [2021-02-25T19:03:51.828Z] <<< [apiv2][body] GET https://api.github.com/repos/sam/netflix/actions/secrets/public-key {"message":"Not Found","documentation_url":"https://docs.github.com/rest/reference/actions#get-a-repository-public-key"}
[debug] [2021-02-25T19:03:56.455Z] >>> [apiv2][query] GET https://api.github.com/repos//actions/secrets/public-key type=owner
[debug] [2021-02-25T19:03:56.727Z] >>> [apiv2][query] GET https://api.github.com/repos//actions/secrets/public-key type=owner
[debug] [2021-02-25T19:03:56.880Z] <<< [apiv2][status] GET https://api.github.com/repos//actions/secrets/public-key 404
[debug] [2021-02-25T19:03:56.880Z] <<< [apiv2][body] GET https://api.github.com/repos//actions/secrets/public-key {"message":"Not Found","documentation_url":"https://docs.github.com/rest"}
[debug] [2021-02-25T19:03:57.114Z] <<< [apiv2][status] GET https://api.github.com/repos//actions/secrets/public-key 404
[debug] [2021-02-25T19:03:57.114Z] <<< [apiv2][body] GET https://api.github.com/repos//actions/secrets/public-key {"message":"Not Found","documentation_url":"https://docs.github.com/rest"}
[debug] [2021-02-25T19:03:57.343Z] >>> [apiv2][query] GET https://api.github.com/repos//actions/secrets/public-key type=owner
[debug] [2021-02-25T19:03:57.826Z] <<< [apiv2][status] GET https://api.github.com/repos//actions/secrets/public-key 404
[debug] [2021-02-25T19:03:57.826Z] <<< [apiv2][body] GET https://api.github.com/repos//actions/secrets/public-key {"message":"Not Found","documentation_url":"https://docs.github.com/rest"}
[debug] [2021-02-25T19:03:58.567Z] >>> [apiv2][query] GET https://api.github.com/repos//actions/secrets/public-key type=owner
[debug] [2021-02-25T19:03:58.977Z] <<< [apiv2][status] GET https://api.github.com/repos//actions/secrets/public-key 404
[debug] [2021-02-25T19:03:58.977Z] <<< [apiv2][body] GET https://api.github.com/repos//actions/secrets/public-key {"message":"Not Found","documentation_url":"https://docs.github.com/rest"}
[debug] [2021-02-25T19:04:44.991Z] >>> [apiv2][query] GET https://api.github.com/repos/sushilckatoch/netflix/actions/secrets/public-key type=owner
[debug] [2021-02-25T19:04:45.521Z] <<< [apiv2][status] GET https://api.github.com/repos/sushilckatoch/netflix/actions/secrets/public-key 404
[debug] [2021-02-25T19:04:45.521Z] <<< [apiv2][body] GET https://api.github.com/repos/sushilckatoch/netflix/actions/secrets/public-key {"message":"Not Found","documentation_url":"https://docs.github.com/rest/reference/actions#get-a-repository-public-key"}
